<?xml version="1.0" encoding="UTF-8"?>
<testng-results ignored="0" total="1" passed="0" failed="1" skipped="0">
  <reporter-output>
  </reporter-output>
  <suite started-at="2023-02-08T23:49:14 EET" name="Default suite" finished-at="2023-02-08T23:49:15 EET" duration-ms="1340">
    <groups>
    </groups>
    <test started-at="2023-02-08T23:49:14 EET" name="Default test" finished-at="2023-02-08T23:49:15 EET" duration-ms="1340">
      <class name="org.example.App">
        <test-method signature="openca()[pri:0, instance:org.example.App@39529185]" started-at="2023-02-08T23:49:14 EET" name="openca" finished-at="2023-02-08T23:49:15 EET" duration-ms="1292" status="FAIL">
          <exception class="org.openqa.selenium.SessionNotCreatedException">
            <message>
              <![CDATA[Could not start a new session. Response code 500. Message: An unknown server-side error occurred while processing the command. Original error: Cannot verify the signature of '/tmp/202318-71312-1oty1d3.czulh/appium-uiautomator2-server-v4.27.0.apk'. Original error: Could not find 'apksigner.jar' in ["/usr/share/android-sdk/platform-tools/apksigner.jar","/usr/share/android-sdk/emulator/apksigner.jar","/usr/share/android-sdk/cmdline-tools/latest/bin/apksigner.jar","/usr/share/android-sdk/tools/apksigner.jar","/usr/share/android-sdk/tools/bin/apksigner.jar","/usr/share/android-sdk/apksigner.jar","/usr/share/android-sdk/build-tools/23.0.3/apksigner.jar","/usr/share/android-sdk/build-tools/23.0.3/lib/apksigner.jar","/usr/share/android-sdk/build-tools/23.0.2/apksigner.jar","/usr/share/android-sdk/build-tools/23.0.2/lib/apksigner.jar","/usr/share/android-sdk/build-tools/23.0.1/apksigner.jar","/usr/share/android-sdk/build-tools/23.0.1/lib/apksigner.jar","/usr/share/android-sdk/build-tools/22.0.1/apksigner.jar","/usr/share/android-sdk/build-tools/22.0.1/lib/apksigner.jar","/usr/share/android-sdk/build-tools/21.1.2/apksigner.jar","/usr/share/android-sdk/build-tools/21.1.2/lib/apksigner.jar","/usr/share/android-sdk/build-tools/20.0.0/apksigner.jar","/usr/share/android-sdk/build-tools/20.0.0/lib/apksigner.jar","/usr/share/android-sdk/build-tools/19.1.0/apksigner.jar","/usr/share/android-sdk/build-tools/19.1.0/lib/apksigner.jar"]. Do you have Android Build Tools installed at '/usr/share/android-sdk'? 
Host info: host: 'amr', ip: '127.0.1.1'
Build info: version: '4.7.2', revision: '4d4020c3b7'
System info: os.name: 'Linux', os.arch: 'amd64', os.version: '6.0.0-kali3-amd64', java.version: '17.0.6'
Driver info: io.appium.java_client.android.AndroidDriver
Command: [null, newSession {capabilities=[{appium:app=/home/amr/Downloads/app-dokan-release.apk, appium:deviceName=sdk_gphone64_x86_64, platformName=ANDROID, appium:platformVersion=13}], desiredCapabilities=Capabilities {app: /home/amr/Downloads/app-dok..., deviceName: sdk_gphone64_x86_64, platformName: ANDROID, platformVersion: 13}}]
Capabilities {}]]>
            </message>
            <full-stacktrace>
              <![CDATA[org.openqa.selenium.SessionNotCreatedException: Could not start a new session. Response code 500. Message: An unknown server-side error occurred while processing the command. Original error: Cannot verify the signature of '/tmp/202318-71312-1oty1d3.czulh/appium-uiautomator2-server-v4.27.0.apk'. Original error: Could not find 'apksigner.jar' in ["/usr/share/android-sdk/platform-tools/apksigner.jar","/usr/share/android-sdk/emulator/apksigner.jar","/usr/share/android-sdk/cmdline-tools/latest/bin/apksigner.jar","/usr/share/android-sdk/tools/apksigner.jar","/usr/share/android-sdk/tools/bin/apksigner.jar","/usr/share/android-sdk/apksigner.jar","/usr/share/android-sdk/build-tools/23.0.3/apksigner.jar","/usr/share/android-sdk/build-tools/23.0.3/lib/apksigner.jar","/usr/share/android-sdk/build-tools/23.0.2/apksigner.jar","/usr/share/android-sdk/build-tools/23.0.2/lib/apksigner.jar","/usr/share/android-sdk/build-tools/23.0.1/apksigner.jar","/usr/share/android-sdk/build-tools/23.0.1/lib/apksigner.jar","/usr/share/android-sdk/build-tools/22.0.1/apksigner.jar","/usr/share/android-sdk/build-tools/22.0.1/lib/apksigner.jar","/usr/share/android-sdk/build-tools/21.1.2/apksigner.jar","/usr/share/android-sdk/build-tools/21.1.2/lib/apksigner.jar","/usr/share/android-sdk/build-tools/20.0.0/apksigner.jar","/usr/share/android-sdk/build-tools/20.0.0/lib/apksigner.jar","/usr/share/android-sdk/build-tools/19.1.0/apksigner.jar","/usr/share/android-sdk/build-tools/19.1.0/lib/apksigner.jar"]. Do you have Android Build Tools installed at '/usr/share/android-sdk'? 
Host info: host: 'amr', ip: '127.0.1.1'
Build info: version: '4.7.2', revision: '4d4020c3b7'
System info: os.name: 'Linux', os.arch: 'amd64', os.version: '6.0.0-kali3-amd64', java.version: '17.0.6'
Driver info: io.appium.java_client.android.AndroidDriver
Command: [null, newSession {capabilities=[{appium:app=/home/amr/Downloads/app-dokan-release.apk, appium:deviceName=sdk_gphone64_x86_64, platformName=ANDROID, appium:platformVersion=13}], desiredCapabilities=Capabilities {app: /home/amr/Downloads/app-dok..., deviceName: sdk_gphone64_x86_64, platformName: ANDROID, platformVersion: 13}}]
Capabilities {}
at org.openqa.selenium.remote.ProtocolHandshake.createSession(ProtocolHandshake.java:148)
at java.base/jdk.internal.reflect.NativeMethodAccessorImpl.invoke0(Native Method)
at java.base/jdk.internal.reflect.NativeMethodAccessorImpl.invoke(NativeMethodAccessorImpl.java:77)
at java.base/jdk.internal.reflect.DelegatingMethodAccessorImpl.invoke(DelegatingMethodAccessorImpl.java:43)
at java.base/java.lang.reflect.Method.invoke(Method.java:568)
at io.appium.java_client.remote.AppiumProtocolHandshake.createSession(AppiumProtocolHandshake.java:133)
at io.appium.java_client.remote.AppiumProtocolHandshake.createSession(AppiumProtocolHandshake.java:102)
at io.appium.java_client.remote.AppiumCommandExecutor.createSession(AppiumCommandExecutor.java:194)
at io.appium.java_client.remote.AppiumCommandExecutor.execute(AppiumCommandExecutor.java:262)
at org.openqa.selenium.remote.RemoteWebDriver.execute(RemoteWebDriver.java:535)
at io.appium.java_client.AppiumDriver.startSession(AppiumDriver.java:229)
at org.openqa.selenium.remote.RemoteWebDriver.<init>(RemoteWebDriver.java:156)
at io.appium.java_client.AppiumDriver.<init>(AppiumDriver.java:80)
at io.appium.java_client.AppiumDriver.<init>(AppiumDriver.java:92)
at io.appium.java_client.android.AndroidDriver.<init>(AndroidDriver.java:117)
at org.example.App.openca(App.java:34)
at java.base/jdk.internal.reflect.NativeMethodAccessorImpl.invoke0(Native Method)
at java.base/jdk.internal.reflect.NativeMethodAccessorImpl.invoke(NativeMethodAccessorImpl.java:77)
at java.base/jdk.internal.reflect.DelegatingMethodAccessorImpl.invoke(DelegatingMethodAccessorImpl.java:43)
at java.base/java.lang.reflect.Method.invoke(Method.java:568)
at org.testng.internal.invokers.MethodInvocationHelper.invokeMethod(MethodInvocationHelper.java:139)
at org.testng.internal.invokers.TestInvoker.invokeMethod(TestInvoker.java:677)
at org.testng.internal.invokers.TestInvoker.invokeTestMethod(TestInvoker.java:221)
at org.testng.internal.invokers.MethodRunner.runInSequence(MethodRunner.java:50)
at org.testng.internal.invokers.TestInvoker$MethodInvocationAgent.invoke(TestInvoker.java:969)
at org.testng.internal.invokers.TestInvoker.invokeTestMethods(TestInvoker.java:194)
at org.testng.internal.invokers.TestMethodWorker.invokeTestMethods(TestMethodWorker.java:148)
at org.testng.internal.invokers.TestMethodWorker.run(TestMethodWorker.java:128)
at java.base/java.util.ArrayList.forEach(ArrayList.java:1511)
at org.testng.TestRunner.privateRun(TestRunner.java:829)
at org.testng.TestRunner.run(TestRunner.java:602)
at org.testng.SuiteRunner.runTest(SuiteRunner.java:437)
at org.testng.SuiteRunner.runSequentially(SuiteRunner.java:431)
at org.testng.SuiteRunner.privateRun(SuiteRunner.java:391)
at org.testng.SuiteRunner.run(SuiteRunner.java:330)
at org.testng.SuiteRunnerWorker.runSuite(SuiteRunnerWorker.java:52)
at org.testng.SuiteRunnerWorker.run(SuiteRunnerWorker.java:95)
at org.testng.TestNG.runSuitesSequentially(TestNG.java:1256)
at org.testng.TestNG.runSuitesLocally(TestNG.java:1176)
at org.testng.TestNG.runSuites(TestNG.java:1099)
at org.testng.TestNG.run(TestNG.java:1067)
at org.testng.remote.AbstractRemoteTestNG.run(AbstractRemoteTestNG.java:115)
at org.testng.remote.RemoteTestNG.initAndRun(RemoteTestNG.java:251)
at org.testng.remote.RemoteTestNG.main(RemoteTestNG.java:77)
]]>
            </full-stacktrace>
          </exception> <!-- org.openqa.selenium.SessionNotCreatedException -->
          <reporter-output>
          </reporter-output>
        </test-method> <!-- openca -->
      </class> <!-- org.example.App -->
    </test> <!-- Default test -->
  </suite> <!-- Default suite -->
</testng-results>
